#
# A fatal error has been detected by the Java Runtime Environment:
#
#  EXCEPTION_ACCESS_VIOLATION (0xc0000005) at pc=0x000000005fb8a925, pid=6456, tid=0x0000000000001e38
#
# JRE version: OpenJDK Runtime Environment (8.0_202-b03) (build 1.8.0_202-release-1483-b03)
# Java VM: OpenJDK 64-Bit Server VM (25.202-b03 mixed mode windows-amd64 compressed oops)
# Problematic frame:
# V  [jvm.dll+0x9a925]
#
# Failed to write core dump. Minidumps are not enabled by default on client versions of Windows
#
# If you would like to submit a bug report, please visit:
#   http://bugreport.java.com/bugreport/crash.jsp
#

---------------  T H R E A D  ---------------

Current thread (0x000000001f4a4800):  JavaThread "Execution worker for ':' Thread 3" [_thread_in_vm, id=7736, stack(0x0000000030bd0000,0x0000000030cd0000)]

siginfo: ExceptionCode=0xc0000005, reading address 0xffffffffffffffff

Registers:
RAX=0x000000001dedb020, RBX=0x0000000030c8d860, RCX=0x000000001dedb020, RDX=0x000000000000000b
RSP=0x0000000030c8d580, RBP=0x000000001f4a4800, RSI=0x0000000030c8d800, RDI=0x1ea9c0dd00610018
R8 =0x0000000000000000, R9 =0x0000000030c8d860, R10=0x0000000000000000, R11=0x000000001dedb020
R12=0x0000000030c8d7b0, R13=0x000000001f4a4800, R14=0x0000000030c8d860, R15=0x000000000000000b
RIP=0x000000005fb8a925, EFLAGS=0x0000000000010202

Top of Stack: (sp=0x0000000030c8d580)
0x0000000030c8d580:   0000000000000000 0000000000000000
0x0000000030c8d590:   0000000000000000 0000000000000000
0x0000000030c8d5a0:   0000000000000000 0000000000000000
0x0000000030c8d5b0:   0000000000000000 0000000000000000
0x0000000030c8d5c0:   0000000000000000 0000000000000000
0x0000000030c8d5d0:   0000000000000000 0000000000000000
0x0000000030c8d5e0:   0000000000000000 0000000000000000
0x0000000030c8d5f0:   0000000000000000 0000000000000000
0x0000000030c8d600:   0000000000000000 0000000000000000
0x0000000030c8d610:   0000000000000000 0000000000000000
0x0000000030c8d620:   0000000000000000 0000000000000000
0x0000000030c8d630:   0000000000000000 0000000000000000
0x0000000030c8d640:   0000000000000000 0000000000000000
0x0000000030c8d650:   0000000000000000 0000000000000000
0x0000000030c8d660:   0000000000000000 0000000000000000
0x0000000030c8d670:   0000000000000000 0000000000000000 

Instructions: (pc=0x000000005fb8a925)
0x000000005fb8a905:   48 89 73 10 48 89 6b 18 4c 89 63 20 e9 f4 03 00
0x000000005fb8a915:   00 48 8b 3a 4c 8b cb 4d 8b c2 49 8b d7 48 8b c8
0x000000005fb8a925:   ff 97 98 00 00 00 48 8b f8 48 85 c0 75 31 49 8b
0x000000005fb8a935:   9d 18 01 00 00 48 8b 3d d7 cf 70 00 49 8b cf 48 


Register to memory mapping:

RAX=0x000000001dedb020 is an unknown value
RBX=0x0000000030c8d860 is pointing into the stack for thread: 0x000000001f4a4800
RCX=0x000000001dedb020 is an unknown value
RDX=0x000000000000000b is an unknown value
RSP=0x0000000030c8d580 is pointing into the stack for thread: 0x000000001f4a4800
RBP=0x000000001f4a4800 is a thread
RSI=0x0000000030c8d800 is pointing into the stack for thread: 0x000000001f4a4800
RDI=0x1ea9c0dd00610018 is an unknown value
R8 =0x0000000000000000 is an unknown value
R9 =0x0000000030c8d860 is pointing into the stack for thread: 0x000000001f4a4800
R10=0x0000000000000000 is an unknown value
R11=0x000000001dedb020 is an unknown value
R12=0x0000000030c8d7b0 is pointing into the stack for thread: 0x000000001f4a4800
R13=0x000000001f4a4800 is a thread
R14=0x0000000030c8d860 is pointing into the stack for thread: 0x000000001f4a4800
R15=0x000000000000000b is an unknown value


Stack: [0x0000000030bd0000,0x0000000030cd0000],  sp=0x0000000030c8d580,  free space=757k
Native frames: (J=compiled Java code, j=interpreted, Vv=VM code, C=native code)
V  [jvm.dll+0x9a925]
V  [jvm.dll+0x9c1f2]
V  [jvm.dll+0x95980]
C  0x000000000255457a

Java frames: (J=compiled Java code, j=interpreted, Vv=VM code)
j  com.sun.tools.javac.comp.Resolve$14.<init>(Lcom/sun/tools/javac/comp/Resolve;Lcom/sun/tools/javac/util/Name;Lcom/sun/tools/javac/code/Type;Lcom/sun/tools/javac/util/List;Lcom/sun/tools/javac/util/List;Lcom/sun/tools/javac/comp/Resolve$MethodResolutionPhase;)V+0
j  com.sun.tools.javac.comp.Resolve.resolveOperator(Lcom/sun/tools/javac/util/JCDiagnostic$DiagnosticPosition;Lcom/sun/tools/javac/tree/JCTree$Tag;Lcom/sun/tools/javac/comp/Env;Lcom/sun/tools/javac/util/List;)Lcom/sun/tools/javac/code/Symbol;+65
j  com.sun.tools.javac.comp.Resolve.resolveBinaryOperator(Lcom/sun/tools/javac/util/JCDiagnostic$DiagnosticPosition;Lcom/sun/tools/javac/tree/JCTree$Tag;Lcom/sun/tools/javac/comp/Env;Lcom/sun/tools/javac/code/Type;Lcom/sun/tools/javac/code/Type;)Lcom/sun/tools/javac/code/Symbol;+11
j  com.sun.tools.javac.comp.Attr.visitBinary(Lcom/sun/tools/javac/tree/JCTree$JCBinary;)V+73
J 9265 C1 com.sun.tools.javac.tree.JCTree$JCBinary.accept(Lcom/sun/tools/javac/tree/JCTree$Visitor;)V (6 bytes) @ 0x000000000391b48c [0x000000000391b380+0x10c]
J 17642 C2 com.sun.tools.javac.comp.Attr.attribTree(Lcom/sun/tools/javac/tree/JCTree;Lcom/sun/tools/javac/comp/Env;Lcom/sun/tools/javac/comp/Attr$ResultInfo;)Lcom/sun/tools/javac/code/Type; (148 bytes) @ 0x0000000005399330 [0x00000000053992a0+0x90]
J 17924 C1 com.sun.tools.javac.comp.Attr.attribExpr(Lcom/sun/tools/javac/tree/JCTree;Lcom/sun/tools/javac/comp/Env;Lcom/sun/tools/javac/code/Type;)Lcom/sun/tools/javac/code/Type; (34 bytes) @ 0x00000000054bf52c [0x00000000054bf0c0+0x46c]
j  com.sun.tools.javac.comp.Attr.visitForLoop(Lcom/sun/tools/javac/tree/JCTree$JCForLoop;)V+73
j  com.sun.tools.javac.tree.JCTree$JCForLoop.accept(Lcom/sun/tools/javac/tree/JCTree$Visitor;)V+2
J 17642 C2 com.sun.tools.javac.comp.Attr.attribTree(Lcom/sun/tools/javac/tree/JCTree;Lcom/sun/tools/javac/comp/Env;Lcom/sun/tools/javac/comp/Attr$ResultInfo;)Lcom/sun/tools/javac/code/Type; (148 bytes) @ 0x0000000005399330 [0x00000000053992a0+0x90]
J 17872 C1 com.sun.tools.javac.comp.Attr.visitBlock(Lcom/sun/tools/javac/tree/JCTree$JCBlock;)V (363 bytes) @ 0x0000000005493d54 [0x0000000005491720+0x2634]
J 18136 C2 com.sun.tools.javac.tree.JCTree$JCBlock.accept(Lcom/sun/tools/javac/tree/JCTree$Visitor;)V (6 bytes) @ 0x00000000055c7a04 [0x00000000055c79c0+0x44]
J 17642 C2 com.sun.tools.javac.comp.Attr.attribTree(Lcom/sun/tools/javac/tree/JCTree;Lcom/sun/tools/javac/comp/Env;Lcom/sun/tools/javac/comp/Attr$ResultInfo;)Lcom/sun/tools/javac/code/Type; (148 bytes) @ 0x0000000005399330 [0x00000000053992a0+0x90]
J 18008 C1 com.sun.tools.javac.comp.Attr.visitMethodDef(Lcom/sun/tools/javac/tree/JCTree$JCMethodDecl;)V (1198 bytes) @ 0x000000000553af54 [0x0000000005534300+0x6c54]
J 19850 C2 com.sun.tools.javac.tree.JCTree$JCMethodDecl.accept(Lcom/sun/tools/javac/tree/JCTree$Visitor;)V (6 bytes) @ 0x00000000043254c4 [0x0000000004325480+0x44]
J 17642 C2 com.sun.tools.javac.comp.Attr.attribTree(Lcom/sun/tools/javac/tree/JCTree;Lcom/sun/tools/javac/comp/Env;Lcom/sun/tools/javac/comp/Attr$ResultInfo;)Lcom/sun/tools/javac/code/Type; (148 bytes) @ 0x0000000005399330 [0x00000000053992a0+0x90]
J 18002 C1 com.sun.tools.javac.comp.Attr.attribClassBody(Lcom/sun/tools/javac/comp/Env;Lcom/sun/tools/javac/code/Symbol$ClassSymbol;)V (726 bytes) @ 0x00000000055248f4 [0x0000000005520c60+0x3c94]
J 17815 C1 com.sun.tools.javac.comp.Attr.attribClass(Lcom/sun/tools/javac/code/Symbol$ClassSymbol;)V (513 bytes) @ 0x0000000005446efc [0x0000000005444800+0x26fc]
J 18084 C1 com.sun.tools.javac.comp.Attr.attribClass(Lcom/sun/tools/javac/util/JCDiagnostic$DiagnosticPosition;Lcom/sun/tools/javac/code/Symbol$ClassSymbol;)V (27 bytes) @ 0x000000000561243c [0x0000000005612360+0xdc]
j  com.sun.tools.javac.comp.Attr.attrib(Lcom/sun/tools/javac/comp/Env;)V+36
j  com.sun.tools.javac.main.JavaCompiler.attribute(Lcom/sun/tools/javac/comp/Env;)Lcom/sun/tools/javac/comp/Env;+176
j  com.sun.tools.javac.main.JavaCompiler.compile2()V+177
j  com.sun.tools.javac.main.JavaCompiler.compile(Lcom/sun/tools/javac/util/List;Lcom/sun/tools/javac/util/List;Ljava/lang/Iterable;)V+165
j  com.sun.tools.javac.main.Main.compile([Ljava/lang/String;[Ljava/lang/String;Lcom/sun/tools/javac/util/Context;Lcom/sun/tools/javac/util/List;Ljava/lang/Iterable;)Lcom/sun/tools/javac/main/Main$Result;+1299
j  com.sun.tools.javac.api.JavacTaskImpl.doCall()Lcom/sun/tools/javac/main/Main$Result;+59
j  com.sun.tools.javac.api.JavacTaskImpl.call()Ljava/lang/Boolean;+1
j  org.gradle.api.internal.tasks.compile.AnnotationProcessingCompileTask.call()Ljava/lang/Boolean;+30
j  org.gradle.api.internal.tasks.compile.ResourceCleaningCompilationTask.call()Ljava/lang/Boolean;+4
j  org.gradle.api.internal.tasks.compile.JdkJavaCompiler.execute(Lorg/gradle/api/internal/tasks/compile/JavaCompileSpec;)Lorg/gradle/api/tasks/WorkResult;+26
j  org.gradle.api.internal.tasks.compile.JdkJavaCompiler.execute(Lorg/gradle/language/base/internal/compile/CompileSpec;)Lorg/gradle/api/tasks/WorkResult;+5
j  org.gradle.api.internal.tasks.compile.NormalizingJavaCompiler.delegateAndHandleErrors(Lorg/gradle/api/internal/tasks/compile/JavaCompileSpec;)Lorg/gradle/api/tasks/WorkResult;+5
j  org.gradle.api.internal.tasks.compile.NormalizingJavaCompiler.execute(Lorg/gradle/api/internal/tasks/compile/JavaCompileSpec;)Lorg/gradle/api/tasks/WorkResult;+22
j  org.gradle.api.internal.tasks.compile.NormalizingJavaCompiler.execute(Lorg/gradle/language/base/internal/compile/CompileSpec;)Lorg/gradle/api/tasks/WorkResult;+5
j  org.gradle.api.internal.tasks.compile.AnnotationProcessorDiscoveringCompiler.execute(Lorg/gradle/api/internal/tasks/compile/JavaCompileSpec;)Lorg/gradle/api/tasks/WorkResult;+18
j  org.gradle.api.internal.tasks.compile.AnnotationProcessorDiscoveringCompiler.execute(Lorg/gradle/language/base/internal/compile/CompileSpec;)Lorg/gradle/api/tasks/WorkResult;+5
j  org.gradle.api.internal.tasks.compile.incremental.SelectiveCompiler.execute(Lorg/gradle/api/internal/tasks/compile/JavaCompileSpec;)Lorg/gradle/api/tasks/WorkResult;+143
j  org.gradle.api.internal.tasks.compile.incremental.SelectiveCompiler.execute(Lorg/gradle/language/base/internal/compile/CompileSpec;)Lorg/gradle/api/tasks/WorkResult;+5
j  org.gradle.api.internal.tasks.compile.incremental.IncrementalResultStoringCompiler.execute(Lorg/gradle/api/internal/tasks/compile/JavaCompileSpec;)Lorg/gradle/api/tasks/WorkResult;+5
j  org.gradle.api.internal.tasks.compile.incremental.IncrementalResultStoringCompiler.execute(Lorg/gradle/language/base/internal/compile/CompileSpec;)Lorg/gradle/api/tasks/WorkResult;+5
j  org.gradle.api.internal.tasks.compile.CompileJavaBuildOperationReportingCompiler$2.call(Lorg/gradle/internal/operations/BuildOperationContext;)Lorg/gradle/api/tasks/WorkResult;+11
j  org.gradle.api.internal.tasks.compile.CompileJavaBuildOperationReportingCompiler$2.call(Lorg/gradle/internal/operations/BuildOperationContext;)Ljava/lang/Object;+2
J 14096 C2 org.gradle.internal.operations.DefaultBuildOperationExecutor.execute(Lorg/gradle/internal/operations/BuildOperationDescriptor$Builder;Lorg/gradle/internal/operations/DefaultBuildOperationExecutor$BuildOperationState;Lorg/gradle/internal/operations/DefaultBuildOperationExecutor$BuildOperationExecution;)Lorg/gradle/internal/operations/BuildOperation; (111 bytes) @ 0x0000000004a853dc [0x0000000004a841c0+0x121c]
J 16372 C2 org.gradle.internal.operations.DelegatingBuildOperationExecutor.call(Lorg/gradle/internal/operations/CallableBuildOperation;)Ljava/lang/Object; (11 bytes) @ 0x0000000004fe22dc [0x0000000004fe2100+0x1dc]
j  org.gradle.api.internal.tasks.compile.CompileJavaBuildOperationReportingCompiler.execute(Lorg/gradle/api/internal/tasks/compile/JavaCompileSpec;)Lorg/gradle/api/tasks/WorkResult;+13
j  org.gradle.api.tasks.compile.JavaCompile.performCompilation(Lorg/gradle/api/internal/tasks/compile/JavaCompileSpec;Lorg/gradle/language/base/internal/compile/Compiler;)V+24
j  org.gradle.api.tasks.compile.JavaCompile.compile(Lorg/gradle/api/tasks/incremental/IncrementalTaskInputs;)V+45
j  com.android.build.gradle.tasks.AndroidJavaCompile.compile(Lorg/gradle/api/tasks/incremental/IncrementalTaskInputs;)V+1025
v  ~StubRoutines::call_stub
J 1563  sun.reflect.NativeMethodAccessorImpl.invoke0(Ljava/lang/reflect/Method;Ljava/lang/Object;[Ljava/lang/Object;)Ljava/lang/Object; (0 bytes) @ 0x0000000002a5e0ff [0x0000000002a5e080+0x7f]
J 16340 C2 sun.reflect.NativeMethodAccessorImpl.invoke(Ljava/lang/Object;[Ljava/lang/Object;)Ljava/lang/Object; (104 bytes) @ 0x0000000004642610 [0x00000000046425a0+0x70]
J 7395 C2 java.lang.reflect.Method.invoke(Ljava/lang/Object;[Ljava/lang/Object;)Ljava/lang/Object; (62 bytes) @ 0x0000000003aa6274 [0x0000000003aa61c0+0xb4]
J 2119 C1 org.gradle.internal.reflect.JavaMethod.invoke(Ljava/lang/Object;[Ljava/lang/Object;)Ljava/lang/Object; (74 bytes) @ 0x0000000002d3e8bc [0x0000000002d3e7a0+0x11c]
j  org.gradle.api.internal.project.taskfactory.IncrementalTaskInputsTaskAction.doExecute(Lorg/gradle/api/Task;Ljava/lang/String;)V+65
j  org.gradle.api.internal.project.taskfactory.StandardTaskAction.execute(Lorg/gradle/api/Task;)V+32
j  org.gradle.api.internal.project.taskfactory.AbstractIncrementalTaskAction.execute(Lorg/gradle/api/Task;)V+2
j  org.gradle.api.internal.project.taskfactory.StandardTaskAction.execute(Ljava/lang/Object;)V+5
j  org.gradle.api.internal.tasks.execution.ExecuteActionsTaskExecuter$5.run(Lorg/gradle/internal/operations/BuildOperationContext;)V+23
J 14096 C2 org.gradle.internal.operations.DefaultBuildOperationExecutor.execute(Lorg/gradle/internal/operations/BuildOperationDescriptor$Builder;Lorg/gradle/internal/operations/DefaultBuildOperationExecutor$BuildOperationState;Lorg/gradle/internal/operations/DefaultBuildOperationExecutor$BuildOperationExecution;)Lorg/gradle/internal/operations/BuildOperation; (111 bytes) @ 0x0000000004a85398 [0x0000000004a841c0+0x11d8]
J 20238 C2 org.gradle.internal.operations.DefaultBuildOperationExecutor.run(Lorg/gradle/internal/operations/RunnableBuildOperation;)V (28 bytes) @ 0x00000000032c9f54 [0x00000000032c9de0+0x174]
J 12332 C1 org.gradle.internal.operations.DelegatingBuildOperationExecutor.run(Lorg/gradle/internal/operations/RunnableBuildOperation;)V (11 bytes) @ 0x0000000004208d44 [0x0000000004208c40+0x104]
j  org.gradle.api.internal.tasks.execution.ExecuteActionsTaskExecuter.executeAction(Ljava/lang/String;Lorg/gradle/api/internal/TaskInternal;Lorg/gradle/api/internal/tasks/InputChangesAwareTaskAction;Lorg/gradle/internal/execution/history/changes/InputChangesInternal;)V+28
j  org.gradle.api.internal.tasks.execution.ExecuteActionsTaskExecuter.executeActions(Lorg/gradle/api/internal/TaskInternal;Lorg/gradle/internal/execution/history/changes/InputChangesInternal;)V+71
j  org.gradle.api.internal.tasks.execution.ExecuteActionsTaskExecuter.access$200(Lorg/gradle/api/internal/tasks/execution/ExecuteActionsTaskExecuter;Lorg/gradle/api/internal/TaskInternal;Lorg/gradle/internal/execution/history/changes/InputChangesInternal;)V+3
j  org.gradle.api.internal.tasks.execution.ExecuteActionsTaskExecuter$TaskExecution.execute(Lorg/gradle/internal/execution/history/changes/InputChangesInternal;)Lorg/gradle/internal/execution/UnitOfWork$WorkResult;+52
j  org.gradle.internal.execution.steps.ExecuteStep.lambda$execute$0(Lorg/gradle/internal/execution/UnitOfWork;Lorg/gradle/internal/execution/history/changes/InputChangesInternal;)Lorg/gradle/internal/execution/ExecutionOutcome;+3
j  org.gradle.internal.execution.steps.ExecuteStep$$Lambda$350.apply(Ljava/lang/Object;)Ljava/lang/Object;+12
J 13613 C2 java.util.Optional.map(Ljava/util/function/Function;)Ljava/util/Optional; (30 bytes) @ 0x000000000460bb44 [0x000000000460bae0+0x64]
j  org.gradle.internal.execution.steps.ExecuteStep.execute(Lorg/gradle/internal/execution/InputChangesContext;)Lorg/gradle/internal/execution/Result;+20
j  org.gradle.internal.execution.steps.ExecuteStep.execute(Lorg/gradle/internal/execution/Context;)Lorg/gradle/internal/execution/Result;+5
j  org.gradle.internal.execution.steps.CleanupOutputsStep.execute(Lorg/gradle/internal/execution/InputChangesContext;)Lorg/gradle/internal/execution/Result;+76
j  org.gradle.internal.execution.steps.CleanupOutputsStep.execute(Lorg/gradle/internal/execution/Context;)Lorg/gradle/internal/execution/Result;+5
j  org.gradle.internal.execution.steps.ResolveInputChangesStep.execute(Lorg/gradle/internal/execution/IncrementalChangesContext;)Lorg/gradle/internal/execution/Result;+50
j  org.gradle.internal.execution.steps.ResolveInputChangesStep.execute(Lorg/gradle/internal/execution/Context;)Lorg/gradle/internal/execution/Result;+5
j  org.gradle.internal.execution.steps.CancelExecutionStep.execute(Lorg/gradle/internal/execution/Context;)Lorg/gradle/internal/execution/Result;+5
j  org.gradle.internal.execution.steps.TimeoutStep.executeWithoutTimeout(Lorg/gradle/internal/execution/Context;)Lorg/gradle/internal/execution/Result;+5
j  org.gradle.internal.execution.steps.TimeoutStep.execute(Lorg/gradle/internal/execution/Context;)Lorg/gradle/internal/execution/Result;+97
j  org.gradle.internal.execution.steps.CatchExceptionStep.execute(Lorg/gradle/internal/execution/Context;)Lorg/gradle/internal/execution/Result;+5
j  org.gradle.internal.execution.steps.CreateOutputsStep.execute(Lorg/gradle/internal/execution/Context;)Lorg/gradle/internal/execution/Result;+24
j  org.gradle.internal.execution.steps.SnapshotOutputsStep.execute(Lorg/gradle/internal/execution/Context;)Lorg/gradle/internal/execution/CurrentSnapshotResult;+5
j  org.gradle.internal.execution.steps.SnapshotOutputsStep.execute(Lorg/gradle/internal/execution/Context;)Lorg/gradle/internal/execution/Result;+2
j  org.gradle.internal.execution.steps.CacheStep.executeWithoutCache(Lorg/gradle/internal/execution/IncrementalChangesContext;)Lorg/gradle/internal/execution/CurrentSnapshotResult;+5
j  org.gradle.internal.execution.steps.CacheStep.execute(Lorg/gradle/internal/execution/IncrementalChangesContext;)Lorg/gradle/internal/execution/CurrentSnapshotResult;+41
j  org.gradle.internal.execution.steps.CacheStep.execute(Lorg/gradle/internal/execution/Context;)Lorg/gradle/internal/execution/Result;+5
j  org.gradle.internal.execution.steps.BroadcastChangingOutputsStep.execute(Lorg/gradle/internal/execution/Context;)Lorg/gradle/internal/execution/Result;+45
j  org.gradle.internal.execution.steps.StoreSnapshotsStep.execute(Lorg/gradle/internal/execution/IncrementalContext;)Lorg/gradle/internal/execution/CurrentSnapshotResult;+5
j  org.gradle.internal.execution.steps.StoreSnapshotsStep.execute(Lorg/gradle/internal/execution/Context;)Lorg/gradle/internal/execution/Result;+5
j  org.gradle.internal.execution.steps.RecordOutputsStep.execute(Lorg/gradle/internal/execution/Context;)Lorg/gradle/internal/execution/CurrentSnapshotResult;+5
j  org.gradle.internal.execution.steps.RecordOutputsStep.execute(Lorg/gradle/internal/execution/Context;)Lorg/gradle/internal/execution/Result;+2
j  org.gradle.internal.execution.steps.SkipUpToDateStep.executeBecause(Lcom/google/common/collect/ImmutableList;Lorg/gradle/internal/execution/IncrementalChangesContext;)Lorg/gradle/internal/execution/UpToDateResult;+16
J 19891 C2 org.gradle.internal.execution.steps.ResolveChangesStep.execute(Lorg/gradle/internal/execution/CachingContext;)Lorg/gradle/internal/execution/Result; (70 bytes) @ 0x00000000052ec6dc [0x00000000052eb8a0+0xe3c]
J 7719 C1 org.gradle.internal.execution.steps.ResolveChangesStep.execute(Lorg/gradle/internal/execution/Context;)Lorg/gradle/internal/execution/Result; (9 bytes) @ 0x0000000003bad50c [0x0000000003bad380+0x18c]
J 7714 C1 org.gradle.internal.execution.steps.legacy.MarkSnapshottingInputsFinishedStep.execute(Lorg/gradle/internal/execution/Context;)Lorg/gradle/internal/execution/Result; (9 bytes) @ 0x0000000003ba95fc [0x0000000003ba9180+0x47c]
J 7718 C1 org.gradle.internal.execution.steps.ResolveCachingStateStep.execute(Lorg/gradle/internal/execution/IncrementalContext;)Lorg/gradle/internal/execution/CachingResult; (143 bytes) @ 0x0000000003baf0f4 [0x0000000003bada40+0x16b4]
J 7717 C1 org.gradle.internal.execution.steps.ResolveCachingStateStep.execute(Lorg/gradle/internal/execution/Context;)Lorg/gradle/internal/execution/Result; (9 bytes) @ 0x0000000003baa88c [0x0000000003baa700+0x18c]
J 7716 C1 org.gradle.internal.execution.impl.DefaultWorkExecutor.execute(Lorg/gradle/internal/execution/Context;)Lorg/gradle/internal/execution/Result; (11 bytes) @ 0x0000000003baa384 [0x0000000003baa280+0x104]
j  org.gradle.api.internal.tasks.execution.ExecuteActionsTaskExecuter.execute(Lorg/gradle/api/internal/TaskInternal;Lorg/gradle/api/internal/tasks/TaskStateInternal;Lorg/gradle/api/internal/tasks/TaskExecutionContext;)Lorg/gradle/api/internal/tasks/TaskExecuterResult;+31
j  org.gradle.api.internal.tasks.execution.ResolveBeforeExecutionStateTaskExecuter.execute(Lorg/gradle/api/internal/TaskInternal;Lorg/gradle/api/internal/tasks/TaskStateInternal;Lorg/gradle/api/internal/tasks/TaskExecutionContext;)Lorg/gradle/api/internal/tasks/TaskExecuterResult;+48
j  org.gradle.api.internal.tasks.execution.ValidatingTaskExecuter.execute(Lorg/gradle/api/internal/TaskInternal;Lorg/gradle/api/internal/tasks/TaskStateInternal;Lorg/gradle/api/internal/tasks/TaskExecutionContext;)Lorg/gradle/api/internal/tasks/TaskExecuterResult;+100
j  org.gradle.api.internal.tasks.execution.SkipEmptySourceFilesTaskExecuter.execute(Lorg/gradle/api/internal/TaskInternal;Lorg/gradle/api/internal/tasks/TaskStateInternal;Lorg/gradle/api/internal/tasks/TaskExecutionContext;)Lorg/gradle/api/internal/tasks/TaskExecuterResult;+292
j  org.gradle.api.internal.tasks.execution.ResolveBeforeExecutionOutputsTaskExecuter.execute(Lorg/gradle/api/internal/TaskInternal;Lorg/gradle/api/internal/tasks/TaskStateInternal;Lorg/gradle/api/internal/tasks/TaskExecutionContext;)Lorg/gradle/api/internal/tasks/TaskExecuterResult;+89
j  org.gradle.api.internal.tasks.execution.ResolveAfterPreviousExecutionStateTaskExecuter.execute(Lorg/gradle/api/internal/TaskInternal;Lorg/gradle/api/internal/tasks/TaskStateInternal;Lorg/gradle/api/internal/tasks/TaskExecutionContext;)Lorg/gradle/api/internal/tasks/TaskExecuterResult;+34
j  org.gradle.api.internal.tasks.execution.CleanupStaleOutputsExecuter.execute(Lorg/gradle/api/internal/TaskInternal;Lorg/gradle/api/internal/tasks/TaskStateInternal;Lorg/gradle/api/internal/tasks/TaskExecutionContext;)Lorg/gradle/api/internal/tasks/TaskExecuterResult;+188
J 18916 C1 org.gradle.api.internal.tasks.execution.FinalizePropertiesTaskExecuter.execute(Lorg/gradle/api/internal/TaskInternal;Lorg/gradle/api/internal/tasks/TaskStateInternal;Lorg/gradle/api/internal/tasks/TaskExecutionContext;)Lorg/gradle/api/internal/tasks/TaskExecuterResult; (168 bytes) @ 0x00000000058df35c [0x00000000058ded40+0x61c]
j  org.gradle.api.internal.tasks.execution.ResolveTaskExecutionModeExecuter.execute(Lorg/gradle/api/internal/TaskInternal;Lorg/gradle/api/internal/tasks/TaskStateInternal;Lorg/gradle/api/internal/tasks/TaskExecutionContext;)Lorg/gradle/api/internal/tasks/TaskExecuterResult;+99
j  org.gradle.api.internal.tasks.execution.SkipTaskWithNoActionsExecuter.execute(Lorg/gradle/api/internal/TaskInternal;Lorg/gradle/api/internal/tasks/TaskStateInternal;Lorg/gradle/api/internal/tasks/TaskExecutionContext;)Lorg/gradle/api/internal/tasks/TaskExecuterResult;+120
j  org.gradle.api.internal.tasks.execution.SkipOnlyIfTaskExecuter.execute(Lorg/gradle/api/internal/TaskInternal;Lorg/gradle/api/internal/tasks/TaskStateInternal;Lorg/gradle/api/internal/tasks/TaskExecutionContext;)Lorg/gradle/api/internal/tasks/TaskExecuterResult;+91
j  org.gradle.api.internal.tasks.execution.CatchExceptionTaskExecuter.execute(Lorg/gradle/api/internal/TaskInternal;Lorg/gradle/api/internal/tasks/TaskStateInternal;Lorg/gradle/api/internal/tasks/TaskExecutionContext;)Lorg/gradle/api/internal/tasks/TaskExecuterResult;+7
j  org.gradle.api.internal.tasks.execution.EventFiringTaskExecuter$1.executeTask(Lorg/gradle/internal/operations/BuildOperationContext;)Lorg/gradle/api/internal/tasks/TaskExecuterResult;+115
j  org.gradle.api.internal.tasks.execution.EventFiringTaskExecuter$1.call(Lorg/gradle/internal/operations/BuildOperationContext;)Lorg/gradle/api/internal/tasks/TaskExecuterResult;+2
j  org.gradle.api.internal.tasks.execution.EventFiringTaskExecuter$1.call(Lorg/gradle/internal/operations/BuildOperationContext;)Ljava/lang/Object;+2
J 14096 C2 org.gradle.internal.operations.DefaultBuildOperationExecutor.execute(Lorg/gradle/internal/operations/BuildOperationDescriptor$Builder;Lorg/gradle/internal/operations/DefaultBuildOperationExecutor$BuildOperationState;Lorg/gradle/internal/operations/DefaultBuildOperationExecutor$BuildOperationExecution;)Lorg/gradle/internal/operations/BuildOperation; (111 bytes) @ 0x0000000004a853dc [0x0000000004a841c0+0x121c]
J 16372 C2 org.gradle.internal.operations.DelegatingBuildOperationExecutor.call(Lorg/gradle/internal/operations/CallableBuildOperation;)Ljava/lang/Object; (11 bytes) @ 0x0000000004fe22dc [0x0000000004fe2100+0x1dc]
j  org.gradle.api.internal.tasks.execution.EventFiringTaskExecuter.execute(Lorg/gradle/api/internal/TaskInternal;Lorg/gradle/api/internal/tasks/TaskStateInternal;Lorg/gradle/api/internal/tasks/TaskExecutionContext;)Lorg/gradle/api/internal/tasks/TaskExecuterResult;+15
J 20600 C2 org.gradle.execution.plan.LocalTaskNodeExecutor.execute(Lorg/gradle/execution/plan/Node;Lorg/gradle/execution/ProjectExecutionServiceRegistry;)Z (116 bytes) @ 0x000000000454cd54 [0x000000000454c9e0+0x374]
J 19668 C2 org.gradle.execution.plan.DefaultPlanExecutor$ExecutorWorker.executeNextNode(Lorg/gradle/internal/work/WorkerLeaseRegistry$WorkerLease;Lorg/gradle/api/Action;)Z (63 bytes) @ 0x0000000005029308 [0x0000000005028b20+0x7e8]
j  org.gradle.execution.plan.DefaultPlanExecutor$ExecutorWorker.run()V+41
J 20267 C2 org.gradle.internal.concurrent.ManagedExecutorImpl$1.run()V (59 bytes) @ 0x00000000036e4d64 [0x00000000036e4c20+0x144]
J 19400 C1 java.util.concurrent.ThreadPoolExecutor.runWorker(Ljava/util/concurrent/ThreadPoolExecutor$Worker;)V (225 bytes) @ 0x0000000005424764 [0x0000000005423720+0x1044]
j  java.util.concurrent.ThreadPoolExecutor$Worker.run()V+5
j  org.gradle.internal.concurrent.ThreadFactoryImpl$ManagedThreadRunnable.run()V+7
j  java.lang.Thread.run()V+11
v  ~StubRoutines::call_stub

---------------  P R O C E S S  ---------------

Java Threads: ( => current thread )
  0x0000000018454000 JavaThread "Cache worker for Java compile cache (C:\Users\misa\Desktop\hh\signupscreen\.gradle\5.4.1\javaCompile)" [_thread_blocked, id=8324, stack(0x0000000030dd0000,0x0000000030ed0000)]
  0x000000001f49d000 JavaThread "Cache worker for execution history cache (C:\Users\misa\Desktop\hh\signupscreen\.gradle\5.4.1\executionHistory)" [_thread_blocked, id=7856, stack(0x0000000030cd0000,0x0000000030dd0000)]
=>0x000000001f4a4800 JavaThread "Execution worker for ':' Thread 3" [_thread_in_vm, id=7736, stack(0x0000000030bd0000,0x0000000030cd0000)]
  0x000000001f4a1800 JavaThread "Execution worker for ':' Thread 2" [_thread_blocked, id=8052, stack(0x0000000030ad0000,0x0000000030bd0000)]
  0x000000001f4a7800 JavaThread "Execution worker for ':'" [_thread_blocked, id=6220, stack(0x00000000309d0000,0x0000000030ad0000)]
  0x000000001f4a6800 JavaThread "Cache worker for file content cache (C:\Users\misa\Desktop\hh\signupscreen\.gradle\5.4.1\fileContent)" [_thread_blocked, id=6116, stack(0x00000000308d0000,0x00000000309d0000)]
  0x000000001f4aa800 JavaThread "Cache worker for Build Output Cleanup Cache (C:\Users\misa\Desktop\hh\signupscreen\.gradle\buildOutputCleanup)" [_thread_blocked, id=7660, stack(0x00000000307d0000,0x00000000308d0000)]
  0x000000001f4ab000 JavaThread "Build operations Thread 4" [_thread_blocked, id=6352, stack(0x00000000306d0000,0x00000000307d0000)]
  0x000000001f4a9000 JavaThread "Build operations Thread 3" [_thread_blocked, id=6268, stack(0x00000000305d0000,0x00000000306d0000)]
  0x000000001f4a6000 JavaThread "Build operations Thread 2" [_thread_blocked, id=7416, stack(0x00000000304d0000,0x00000000305d0000)]
  0x000000001f4a9800 JavaThread "Build operations" [_thread_blocked, id=8496, stack(0x00000000303d0000,0x00000000304d0000)]
  0x000000001f49c000 JavaThread "Cache worker for cache directory md-rule (C:\Users\misa\.gradle\caches\5.4.1\md-rule)" [_thread_blocked, id=2452, stack(0x00000000302d0000,0x00000000303d0000)]
  0x000000001f49f000 JavaThread "Cache worker for cache directory md-supplier (C:\Users\misa\.gradle\caches\5.4.1\md-supplier)" [_thread_blocked, id=5668, stack(0x00000000301d0000,0x00000000302d0000)]
  0x000000001f49d800 JavaThread "Cache worker for file hash cache (C:\Users\misa\Desktop\hh\signupscreen\.gradle\5.4.1\fileHashes)" [_thread_blocked, id=3676, stack(0x00000000300d0000,0x00000000301d0000)]
  0x000000001f4a3000 JavaThread "Thread-154" [_thread_blocked, id=9284, stack(0x000000002ffd0000,0x00000000300d0000)]
  0x000000001b531800 JavaThread "Asynchronous log dispatcher for DefaultDaemonConnection: socket connection from /127.0.0.1:51629 to /127.0.0.1:51852" [_thread_blocked, id=9656, stack(0x000000002fdd0000,0x000000002fed0000)]
  0x000000001b538000 JavaThread "Daemon worker Thread 7" [_thread_blocked, id=4204, stack(0x000000002fcd0000,0x000000002fdd0000)]
  0x000000001b534800 JavaThread "Cancel handler" [_thread_blocked, id=4136, stack(0x000000002fbd0000,0x000000002fcd0000)]
  0x000000001b533000 JavaThread "Handler for socket connection from /127.0.0.1:51629 to /127.0.0.1:51852" [_thread_in_native, id=4304, stack(0x000000002fad0000,0x000000002fbd0000)]
  0x000000001b535000 JavaThread "Daemon Thread 7" [_thread_blocked, id=9820, stack(0x000000002f9d0000,0x000000002fad0000)]
  0x000000001b532000 JavaThread "Cache worker for Java compile cache (C:\Users\misa\.gradle\caches\5.4.1\javaCompile)" [_thread_blocked, id=8612, stack(0x0000000023cc0000,0x0000000023dc0000)]
  0x0000000018460800 JavaThread "Cache worker for file content cache (C:\Users\misa\.gradle\caches\5.4.1\fileContent)" [_thread_blocked, id=3456, stack(0x0000000022ec0000,0x0000000022fc0000)]
  0x000000001845c000 JavaThread "Memory manager" [_thread_blocked, id=4512, stack(0x0000000022c40000,0x0000000022d40000)]
  0x0000000018458800 JavaThread "Cache worker for execution history cache (C:\Users\misa\.gradle\caches\5.4.1\executionHistory)" [_thread_blocked, id=8504, stack(0x0000000020340000,0x0000000020440000)]
  0x0000000015ead800 JavaThread "Cache worker for journal cache (C:\Users\misa\.gradle\caches\journal-1)" [_thread_blocked, id=6660, stack(0x000000001acb0000,0x000000001adb0000)]
  0x0000000015ea9800 JavaThread "File lock request listener" [_thread_in_native, id=7208, stack(0x000000001abb0000,0x000000001acb0000)]
  0x000000001917f800 JavaThread "Cache worker for file hash cache (C:\Users\misa\.gradle\caches\5.4.1\fileHashes)" [_thread_blocked, id=9496, stack(0x000000001aab0000,0x000000001abb0000)]
  0x00000000191bd800 JavaThread "Daemon periodic checks" [_thread_blocked, id=1040, stack(0x000000001a0b0000,0x000000001a1b0000)]
  0x00000000191ba800 JavaThread "Incoming local TCP Connector on port 51629" [_thread_in_native, id=7372, stack(0x0000000019c10000,0x0000000019d10000)]
  0x0000000019074000 JavaThread "Daemon health stats" [_thread_blocked, id=10148, stack(0x00000000195d0000,0x00000000196d0000)]
  0x0000000017830800 JavaThread "Service Thread" daemon [_thread_blocked, id=5992, stack(0x0000000017c00000,0x0000000017d00000)]
  0x0000000015eaf800 JavaThread "C1 CompilerThread2" daemon [_thread_blocked, id=8440, stack(0x0000000017700000,0x0000000017800000)]
  0x0000000015e9d000 JavaThread "C2 CompilerThread1" daemon [_thread_blocked, id=1956, stack(0x0000000017600000,0x0000000017700000)]
  0x0000000015e99000 JavaThread "C2 CompilerThread0" daemon [_thread_blocked, id=9052, stack(0x0000000017500000,0x0000000017600000)]
  0x0000000015ea6000 JavaThread "Attach Listener" daemon [_thread_blocked, id=5204, stack(0x0000000017400000,0x0000000017500000)]
  0x0000000015ea5000 JavaThread "Signal Dispatcher" daemon [_thread_blocked, id=5080, stack(0x0000000017300000,0x0000000017400000)]
  0x000000000252b000 JavaThread "Finalizer" daemon [_thread_blocked, id=7904, stack(0x00000000170f0000,0x00000000171f0000)]
  0x0000000015e89000 JavaThread "Reference Handler" daemon [_thread_blocked, id=1148, stack(0x0000000016ff0000,0x00000000170f0000)]
  0x000000000230d800 JavaThread "main" [_thread_blocked, id=7772, stack(0x0000000002330000,0x0000000002430000)]

Other Threads:
  0x0000000015e67000 VMThread [stack: 0x0000000016ef0000,0x0000000016ff0000] [id=4844]
  0x0000000015efd000 WatcherThread [stack: 0x0000000017d00000,0x0000000017e00000] [id=3932]

VM state:synchronizing (normal execution)

VM Mutex/Monitor currently owned by a thread:  ([mutex/lock_event])
[0x000000000230cb70] Threads_lock - owner thread: 0x0000000015e67000

heap address: 0x00000000a0000000, size: 1536 MB, Compressed Oops mode: 32-bit
Narrow klass base: 0x0000000000000000, Narrow klass shift: 3
Compressed class space size: 1073741824 Address: 0x0000000100000000

Heap:
 PSYoungGen      total 420352K, used 84055K [0x00000000e0000000, 0x0000000100000000, 0x0000000100000000)
  eden space 315392K, 24% used [0x00000000e0000000,0x00000000e4bf9c80,0x00000000f3400000)
  from space 104960K, 5% used [0x00000000f9980000,0x00000000f9f9c030,0x0000000100000000)
  to   space 103936K, 0% used [0x00000000f3400000,0x00000000f3400000,0x00000000f9980000)
 ParOldGen       total 203264K, used 65320K [0x00000000a0000000, 0x00000000ac680000, 0x00000000e0000000)
  object space 203264K, 32% used [0x00000000a0000000,0x00000000a3fca358,0x00000000ac680000)
 Metaspace       used 87473K, capacity 91029K, committed 91160K, reserved 1128448K
  class space    used 11295K, capacity 11997K, committed 12072K, reserved 1048576K

Card table byte_map: [0x00000000118f0000,0x0000000011c00000] byte_map_base: 0x00000000113f0000

Marking Bits: (ParMarkBitMap*) 0x00000000602b9f30
 Begin Bits: [0x0000000012200000, 0x0000000013a00000)
 End Bits:   [0x0000000013a00000, 0x0000000015200000)

Polling page: 0x0000000002210000

CodeCache: size=245760Kb used=55297Kb max_used=55564Kb free=190462Kb
 bounds [0x0000000002530000, 0x0000000005bf0000, 0x0000000011530000]
 total_blobs=16506 nmethods=15647 adapters=771
 compilation: enabled

Compilation events (10 events):
Event: 6290.069 Thread 0x0000000015eaf800 20664       3       com.sun.tools.javac.jvm.ClassReader$ArrayAttributeProxy::accept (11 bytes)
Event: 6290.070 Thread 0x0000000015eaf800 nmethod 20664 0x0000000004451090 code [0x0000000004451200, 0x0000000004451548]
Event: 6290.074 Thread 0x0000000015eaf800 20666   !   3       com.sun.tools.javac.comp.MemberEnter$5::run (288 bytes)
Event: 6290.115 Thread 0x0000000015eaf800 nmethod 20666 0x000000000463db50 code [0x000000000463df20, 0x00000000046406f8]
Event: 6290.272 Thread 0x0000000015eaf800 20667       3       java.util.WeakHashMap::newTable (8 bytes)
Event: 6290.272 Thread 0x0000000015eaf800 nmethod 20667 0x000000000446a5d0 code [0x000000000446a720, 0x000000000446a8f0]
Event: 6290.286 Thread 0x0000000015eaf800 20668       3       com.sun.tools.javac.code.Types::isDerivedRaw (36 bytes)
Event: 6290.287 Thread 0x0000000015eaf800 nmethod 20668 0x0000000002d6cd90 code [0x0000000002d6cf20, 0x0000000002d6d528]
Event: 6290.323 Thread 0x0000000015e9d000 20669       4       com.sun.tools.javac.code.Scope$4$1::next (5 bytes)
Event: 6290.325 Thread 0x0000000015e9d000 nmethod 20669 0x0000000002f21a10 code [0x0000000002f21b60, 0x0000000002f21ca8]

GC Heap History (10 events):
Event: 2468.521 GC heap before
{Heap before GC invocations=29 (full 5):
 PSYoungGen      total 387072K, used 9258K [0x00000000e0000000, 0x00000000fcf00000, 0x0000000100000000)
  eden space 300544K, 0% used [0x00000000e0000000,0x00000000e0000000,0x00000000f2580000)
  from space 86528K, 10% used [0x00000000f7880000,0x00000000f818a868,0x00000000fcd00000)
  to   space 84992K, 0% used [0x00000000f2580000,0x00000000f2580000,0x00000000f7880000)
 ParOldGen       total 228864K, used 217590K [0x00000000a0000000, 0x00000000adf80000, 0x00000000e0000000)
  object space 228864K, 95% used [0x00000000a0000000,0x00000000ad47d818,0x00000000adf80000)
 Metaspace       used 85247K, capacity 88667K, committed 88984K, reserved 1126400K
  class space    used 11194K, capacity 11880K, committed 11944K, reserved 1048576K
Event: 2494.026 GC heap after
Heap after GC invocations=29 (full 5):
 PSYoungGen      total 387072K, used 0K [0x00000000e0000000, 0x00000000fcf00000, 0x0000000100000000)
  eden space 300544K, 0% used [0x00000000e0000000,0x00000000e0000000,0x00000000f2580000)
  from space 86528K, 0% used [0x00000000f7880000,0x00000000f7880000,0x00000000fcd00000)
  to   space 84992K, 0% used [0x00000000f2580000,0x00000000f2580000,0x00000000f7880000)
 ParOldGen       total 203264K, used 63107K [0x00000000a0000000, 0x00000000ac680000, 0x00000000e0000000)
  object space 203264K, 31% used [0x00000000a0000000,0x00000000a3da0f18,0x00000000ac680000)
 Metaspace       used 85065K, capacity 88363K, committed 88984K, reserved 1126400K
  class space    used 11160K, capacity 11816K, committed 11944K, reserved 1048576K
}
Event: 2590.152 GC heap before
{Heap before GC invocations=30 (full 5):
 PSYoungGen      total 387072K, used 300544K [0x00000000e0000000, 0x00000000fcf00000, 0x0000000100000000)
  eden space 300544K, 100% used [0x00000000e0000000,0x00000000f2580000,0x00000000f2580000)
  from space 86528K, 0% used [0x00000000f7880000,0x00000000f7880000,0x00000000fcd00000)
  to   space 84992K, 0% used [0x00000000f2580000,0x00000000f2580000,0x00000000f7880000)
 ParOldGen       total 203264K, used 63107K [0x00000000a0000000, 0x00000000ac680000, 0x00000000e0000000)
  object space 203264K, 31% used [0x00000000a0000000,0x00000000a3da0f18,0x00000000ac680000)
 Metaspace       used 86721K, capacity 90049K, committed 90392K, reserved 1128448K
  class space    used 11246K, capacity 11931K, committed 12072K, reserved 1048576K
Event: 2593.823 GC heap after
Heap after GC invocations=30 (full 5):
 PSYoungGen      total 385536K, used 68293K [0x00000000e0000000, 0x0000000100000000, 0x0000000100000000)
  eden space 300544K, 0% used [0x00000000e0000000,0x00000000e0000000,0x00000000f2580000)
  from space 84992K, 80% used [0x00000000f2580000,0x00000000f68315a0,0x00000000f7880000)
  to   space 93696K, 0% used [0x00000000fa480000,0x00000000fa480000,0x0000000100000000)
 ParOldGen       total 203264K, used 63115K [0x00000000a0000000, 0x00000000ac680000, 0x00000000e0000000)
  object space 203264K, 31% used [0x00000000a0000000,0x00000000a3da2f18,0x00000000ac680000)
 Metaspace       used 86721K, capacity 90049K, committed 90392K, reserved 1128448K
  class space    used 11246K, capacity 11931K, committed 12072K, reserved 1048576K
}
Event: 2599.190 GC heap before
{Heap before GC invocations=31 (full 5):
 PSYoungGen      total 385536K, used 368837K [0x00000000e0000000, 0x0000000100000000, 0x0000000100000000)
  eden space 300544K, 100% used [0x00000000e0000000,0x00000000f2580000,0x00000000f2580000)
  from space 84992K, 80% used [0x00000000f2580000,0x00000000f68315a0,0x00000000f7880000)
  to   space 93696K, 0% used [0x00000000fa480000,0x00000000fa480000,0x0000000100000000)
 ParOldGen       total 203264K, used 63115K [0x00000000a0000000, 0x00000000ac680000, 0x00000000e0000000)
  object space 203264K, 31% used [0x00000000a0000000,0x00000000a3da2f18,0x00000000ac680000)
 Metaspace       used 86869K, capacity 90219K, committed 90648K, reserved 1128448K
  class space    used 11260K, capacity 11938K, committed 12072K, reserved 1048576K
Event: 2599.237 GC heap after
Heap after GC invocations=31 (full 5):
 PSYoungGen      total 431104K, used 866K [0x00000000e0000000, 0x0000000100000000, 0x0000000100000000)
  eden space 337408K, 0% used [0x00000000e0000000,0x00000000e0000000,0x00000000f4980000)
  from space 93696K, 0% used [0x00000000fa480000,0x00000000fa5588e8,0x0000000100000000)
  to   space 93184K, 0% used [0x00000000f4980000,0x00000000f4980000,0x00000000fa480000)
 ParOldGen       total 203264K, used 63953K [0x00000000a0000000, 0x00000000ac680000, 0x00000000e0000000)
  object space 203264K, 31% used [0x00000000a0000000,0x00000000a3e747b8,0x00000000ac680000)
 Metaspace       used 86869K, capacity 90219K, committed 90648K, reserved 1128448K
  class space    used 11260K, capacity 11938K, committed 12072K, reserved 1048576K
}
Event: 2714.422 GC heap before
{Heap before GC invocations=32 (full 5):
 PSYoungGen      total 431104K, used 338274K [0x00000000e0000000, 0x0000000100000000, 0x0000000100000000)
  eden space 337408K, 100% used [0x00000000e0000000,0x00000000f4980000,0x00000000f4980000)
  from space 93696K, 0% used [0x00000000fa480000,0x00000000fa5588e8,0x0000000100000000)
  to   space 93184K, 0% used [0x00000000f4980000,0x00000000f4980000,0x00000000fa480000)
 ParOldGen       total 203264K, used 63953K [0x00000000a0000000, 0x00000000ac680000, 0x00000000e0000000)
  object space 203264K, 31% used [0x00000000a0000000,0x00000000a3e747b8,0x00000000ac680000)
 Metaspace       used 87266K, capacity 90797K, committed 90904K, reserved 1128448K
  class space    used 11290K, capacity 11991K, committed 12072K, reserved 1048576K
Event: 2721.012 GC heap after
Heap after GC invocations=32 (full 5):
 PSYoungGen      total 419328K, used 81456K [0x00000000e0000000, 0x0000000100000000, 0x0000000100000000)
  eden space 337408K, 0% used [0x00000000e0000000,0x00000000e0000000,0x00000000f4980000)
  from space 81920K, 99% used [0x00000000f4980000,0x00000000f990c2c0,0x00000000f9980000)
  to   space 104960K, 0% used [0x00000000f9980000,0x00000000f9980000,0x0000000100000000)
 ParOldGen       total 203264K, used 64639K [0x00000000a0000000, 0x00000000ac680000, 0x00000000e0000000)
  object space 203264K, 31% used [0x00000000a0000000,0x00000000a3f1fee0,0x00000000ac680000)
 Metaspace       used 87266K, capacity 90797K, committed 90904K, reserved 1128448K
  class space    used 11290K, capacity 11991K, committed 12072K, reserved 1048576K
}
Event: 6248.238 GC heap before
{Heap before GC invocations=33 (full 5):
 PSYoungGen      total 419328K, used 418864K [0x00000000e0000000, 0x0000000100000000, 0x0000000100000000)
  eden space 337408K, 100% used [0x00000000e0000000,0x00000000f4980000,0x00000000f4980000)
  from space 81920K, 99% used [0x00000000f4980000,0x00000000f990c2c0,0x00000000f9980000)
  to   space 104960K, 0% used [0x00000000f9980000,0x00000000f9980000,0x0000000100000000)
 ParOldGen       total 203264K, used 64639K [0x00000000a0000000, 0x00000000ac680000, 0x00000000e0000000)
  object space 203264K, 31% used [0x00000000a0000000,0x00000000a3f1fee0,0x00000000ac680000)
 Metaspace       used 87442K, capacity 91025K, committed 91160K, reserved 1128448K
  class space    used 11294K, capacity 11997K, committed 12072K, reserved 1048576K
Event: 6252.390 GC heap after
Heap after GC invocations=33 (full 5):
 PSYoungGen      total 420352K, used 6256K [0x00000000e0000000, 0x0000000100000000, 0x0000000100000000)
  eden space 315392K, 0% used [0x00000000e0000000,0x00000000e0000000,0x00000000f3400000)
  from space 104960K, 5% used [0x00000000f9980000,0x00000000f9f9c030,0x0000000100000000)
  to   space 103936K, 0% used [0x00000000f3400000,0x00000000f3400000,0x00000000f9980000)
 ParOldGen       total 203264K, used 65320K [0x00000000a0000000, 0x00000000ac680000, 0x00000000e0000000)
  object space 203264K, 32% used [0x00000000a0000000,0x00000000a3fca358,0x00000000ac680000)
 Metaspace       used 87442K, capacity 91025K, committed 91160K, reserved 1128448K
  class space    used 11294K, capacity 11997K, committed 12072K, reserved 1048576K
}

Deoptimization events (10 events):
Event: 2726.507 Thread 0x0000000018454000 Uncommon trap: reason=null_check action=make_not_entrant pc=0x0000000004908d0c method=org.slf4j.helpers.MessageFormatter.getThrowableCandidate([Ljava/lang/Object;)Ljava/lang/Throwable; @ 19
Event: 6181.904 Thread 0x000000001b533000 Uncommon trap: reason=class_check action=maybe_recompile pc=0x0000000002816de0 method=java.lang.reflect.Array.newInstance(Ljava/lang/Class;I)Ljava/lang/Object; @ 2
Event: 6218.493 Thread 0x000000001b538000 Uncommon trap: reason=class_check action=maybe_recompile pc=0x00000000050f1de0 method=com.google.common.collect.AbstractMapBasedMultimap$WrappedCollection.refreshIfEmpty()V @ 40
Event: 6273.221 Thread 0x000000001b531800 Uncommon trap: reason=unstable_if action=reinterpret pc=0x0000000002b2a3b0 method=com.esotericsoftware.kryo.io.Output.writeVarLong(JZ)I @ 55
Event: 6285.160 Thread 0x000000001f4a4800 Uncommon trap: reason=unstable_if action=reinterpret pc=0x0000000004328fcc method=com.sun.tools.javac.parser.JavaTokenizer.readToken()Lcom/sun/tools/javac/parser/Tokens$Token; @ 1349
Event: 6285.663 Thread 0x000000001f4a4800 Uncommon trap: reason=array_check action=maybe_recompile pc=0x00000000032cf0d0 method=java.util.ComparableTimSort.mergeLo(IIII)V @ 81
Event: 6285.664 Thread 0x000000001f4a4800 Uncommon trap: reason=array_check action=maybe_recompile pc=0x00000000032cf0d0 method=java.util.ComparableTimSort.mergeLo(IIII)V @ 81
Event: 6285.664 Thread 0x000000001f4a4800 Uncommon trap: reason=array_check action=maybe_recompile pc=0x00000000032cf0d0 method=java.util.ComparableTimSort.mergeLo(IIII)V @ 81
Event: 6285.665 Thread 0x000000001f4a4800 Uncommon trap: reason=array_check action=maybe_recompile pc=0x0000000004baf200 method=java.util.ComparableTimSort.mergeLo(IIII)V @ 207
Event: 6285.692 Thread 0x000000001f4a4800 Uncommon trap: reason=array_check action=maybe_recompile pc=0x0000000004baf200 method=java.util.ComparableTimSort.mergeLo(IIII)V @ 207

Classes redefined (0 events):
No events

Internal exceptions (10 events):
Event: 6218.260 Thread 0x000000001b538000 Exception <a 'sun/nio/fs/WindowsException'> (0x00000000f228a378) thrown at [D:\src\AOSP-openjdk-cygwin\jdk8u\hotspot\src\share\vm\prims\jni.cpp, line 710]
Event: 6218.260 Thread 0x000000001b538000 Exception <a 'sun/nio/fs/WindowsException'> (0x00000000f228b300) thrown at [D:\src\AOSP-openjdk-cygwin\jdk8u\hotspot\src\share\vm\prims\jni.cpp, line 710]
Event: 6218.266 Thread 0x000000001b538000 Exception <a 'sun/nio/fs/WindowsException'> (0x00000000f228f108) thrown at [D:\src\AOSP-openjdk-cygwin\jdk8u\hotspot\src\share\vm\prims\jni.cpp, line 710]
Event: 6218.266 Thread 0x000000001b538000 Exception <a 'sun/nio/fs/WindowsException'> (0x00000000f228ff98) thrown at [D:\src\AOSP-openjdk-cygwin\jdk8u\hotspot\src\share\vm\prims\jni.cpp, line 710]
Event: 6218.288 Thread 0x000000001b538000 Exception <a 'sun/nio/fs/WindowsException'> (0x00000000f2292230) thrown at [D:\src\AOSP-openjdk-cygwin\jdk8u\hotspot\src\share\vm\prims\jni.cpp, line 710]
Event: 6218.301 Thread 0x000000001b538000 Exception <a 'sun/nio/fs/WindowsException'> (0x00000000f2293100) thrown at [D:\src\AOSP-openjdk-cygwin\jdk8u\hotspot\src\share\vm\prims\jni.cpp, line 710]
Event: 6218.323 Thread 0x000000001b538000 Exception <a 'sun/nio/fs/WindowsException'> (0x00000000f2296858) thrown at [D:\src\AOSP-openjdk-cygwin\jdk8u\hotspot\src\share\vm\prims\jni.cpp, line 710]
Event: 6218.323 Thread 0x000000001b538000 Exception <a 'sun/nio/fs/WindowsException'> (0x00000000f2297730) thrown at [D:\src\AOSP-openjdk-cygwin\jdk8u\hotspot\src\share\vm\prims\jni.cpp, line 710]
Event: 6218.323 Thread 0x000000001b538000 Exception <a 'sun/nio/fs/WindowsException'> (0x00000000f2299a18) thrown at [D:\src\AOSP-openjdk-cygwin\jdk8u\hotspot\src\share\vm\prims\jni.cpp, line 710]
Event: 6218.323 Thread 0x000000001b538000 Exception <a 'sun/nio/fs/WindowsException'> (0x00000000f229a928) thrown at [D:\src\AOSP-openjdk-cygwin\jdk8u\hotspot\src\share\vm\prims\jni.cpp, line 710]

Events (10 events):
Event: 6290.066 Thread 0x0000000015eaf800 flushing nmethod 0x000000000450f3d0
Event: 6290.066 Thread 0x0000000015eaf800 flushing nmethod 0x000000000457a510
Event: 6290.067 Thread 0x0000000015eaf800 flushing nmethod 0x0000000004636bd0
Event: 6290.067 Thread 0x0000000015eaf800 flushing nmethod 0x000000000463b5d0
Event: 6290.067 Thread 0x0000000015eaf800 flushing nmethod 0x000000000463d490
Event: 6290.067 Thread 0x0000000015eaf800 flushing nmethod 0x000000000464e650
Event: 6290.071 Thread 0x0000000015eaf800 flushing nmethod 0x0000000004906190
Event: 6290.071 Thread 0x0000000015eaf800 flushing nmethod 0x00000000049a9a50
Event: 6290.273 Thread 0x0000000015eaf800 flushing nmethod 0x00000000051924d0
Event: 6290.284 Thread 0x0000000015eaf800 flushing nmethod 0x00000000051b2d50


Dynamic libraries:
0x00007ff7b0f90000 - 0x00007ff7b0fc1000 	C:\Program Files\Android\Android Studio\jre\bin\java.exe
0x00007ffea39a0000 - 0x00007ffea3b71000 	C:\Windows\SYSTEM32\ntdll.dll
0x00007ffea12a0000 - 0x00007ffea134b000 	C:\Windows\System32\KERNEL32.DLL
0x00007ffea0a70000 - 0x00007ffea0c8d000 	C:\Windows\System32\KERNELBASE.dll
0x00007ffea1fa0000 - 0x00007ffea2042000 	C:\Windows\System32\ADVAPI32.dll
0x00007ffea2190000 - 0x00007ffea222e000 	C:\Windows\System32\msvcrt.dll
0x00007ffea2330000 - 0x00007ffea2389000 	C:\Windows\System32\sechost.dll
0x00007ffea2050000 - 0x00007ffea2171000 	C:\Windows\System32\RPCRT4.dll
0x00007ffea1b20000 - 0x00007ffea1c85000 	C:\Windows\System32\USER32.dll
0x00007ffea0c90000 - 0x00007ffea0cae000 	C:\Windows\System32\win32u.dll
0x00007ffea1260000 - 0x00007ffea1294000 	C:\Windows\System32\GDI32.dll
0x00007ffea08e0000 - 0x00007ffea0a62000 	C:\Windows\System32\gdi32full.dll
0x00007ffe94cd0000 - 0x00007ffe94f4a000 	C:\Windows\WinSxS\amd64_microsoft.windows.common-controls_6595b64144ccf1df_6.0.14393.953_none_42151e83c686086b\COMCTL32.dll
0x00007ffea0f30000 - 0x00007ffea11f8000 	C:\Windows\System32\combase.dll
0x00007ffe9ff50000 - 0x00007ffea0045000 	C:\Windows\System32\ucrtbase.dll
0x00007ffe9fe90000 - 0x00007ffe9fefa000 	C:\Windows\System32\bcryptPrimitives.dll
0x00007ffea3970000 - 0x00007ffea399e000 	C:\Windows\System32\IMM32.DLL
0x000000005f930000 - 0x000000005fa02000 	C:\Program Files\Android\Android Studio\jre\jre\bin\msvcr100.dll
0x000000005faf0000 - 0x0000000060336000 	C:\Program Files\Android\Android Studio\jre\jre\bin\server\jvm.dll
0x00007ffea2180000 - 0x00007ffea2188000 	C:\Windows\System32\PSAPI.DLL
0x00007ffe96a80000 - 0x00007ffe96a89000 	C:\Windows\SYSTEM32\WSOCK32.dll
0x00007ffe9d330000 - 0x00007ffe9d353000 	C:\Windows\SYSTEM32\WINMM.dll
0x00007ffe9db90000 - 0x00007ffe9db9a000 	C:\Windows\SYSTEM32\VERSION.dll
0x00007ffe9d2d0000 - 0x00007ffe9d2fb000 	C:\Windows\SYSTEM32\WINMMBASE.dll
0x00007ffe9ff00000 - 0x00007ffe9ff42000 	C:\Windows\System32\cfgmgr32.dll
0x00007ffea1f30000 - 0x00007ffea1f9a000 	C:\Windows\System32\ws2_32.DLL
0x00007ffe9e290000 - 0x00007ffe9e29f000 	C:\Program Files\Android\Android Studio\jre\jre\bin\verify.dll
0x00007ffe9cb50000 - 0x00007ffe9cb79000 	C:\Program Files\Android\Android Studio\jre\jre\bin\java.dll
0x00007ffe9d360000 - 0x00007ffe9d376000 	C:\Program Files\Android\Android Studio\jre\jre\bin\zip.dll
0x00007ffea2460000 - 0x00007ffea3969000 	C:\Windows\System32\SHELL32.dll
0x00007ffea0160000 - 0x00007ffea083a000 	C:\Windows\System32\windows.storage.dll
0x00007ffe9fe40000 - 0x00007ffe9fe8c000 	C:\Windows\System32\powrprof.dll
0x00007ffea17f0000 - 0x00007ffea1842000 	C:\Windows\System32\shlwapi.dll
0x00007ffe9fe20000 - 0x00007ffe9fe2f000 	C:\Windows\System32\kernel.appcore.dll
0x00007ffea00b0000 - 0x00007ffea0159000 	C:\Windows\System32\shcore.dll
0x00007ffe9fe00000 - 0x00007ffe9fe14000 	C:\Windows\System32\profapi.dll
0x00007ffe9c680000 - 0x00007ffe9c69a000 	C:\Program Files\Android\Android Studio\jre\jre\bin\net.dll
0x00007ffe9f3d0000 - 0x00007ffe9f42c000 	C:\Windows\system32\mswsock.dll
0x00007ffe9c260000 - 0x00007ffe9c271000 	C:\Program Files\Android\Android Studio\jre\jre\bin\nio.dll
0x00007ffe93740000 - 0x00007ffe93766000 	C:\Users\misa\.gradle\native\29\windows-amd64\native-platform.dll
0x00007ffe9c550000 - 0x00007ffe9c55d000 	C:\Program Files\Android\Android Studio\jre\jre\bin\management.dll
0x00007ffe9f9b0000 - 0x00007ffe9f9c7000 	C:\Windows\SYSTEM32\CRYPTSP.dll
0x00007ffe9efd0000 - 0x00007ffe9f003000 	C:\Windows\system32\rsaenh.dll
0x00007ffe9fd40000 - 0x00007ffe9fd6b000 	C:\Windows\SYSTEM32\bcrypt.dll
0x00007ffe9f250000 - 0x00007ffe9f26f000 	C:\Windows\SYSTEM32\USERENV.dll
0x00007ffe9f590000 - 0x00007ffe9f59b000 	C:\Windows\SYSTEM32\CRYPTBASE.dll
0x00007ffe9f150000 - 0x00007ffe9f188000 	C:\Windows\SYSTEM32\IPHLPAPI.DLL
0x00007ffea1990000 - 0x00007ffea1998000 	C:\Windows\System32\NSI.dll
0x00007ffe97180000 - 0x00007ffe97196000 	C:\Windows\SYSTEM32\dhcpcsvc6.DLL
0x00007ffe97160000 - 0x00007ffe9717a000 	C:\Windows\SYSTEM32\dhcpcsvc.DLL
0x00007ffe9f9d0000 - 0x00007ffe9fb62000 	C:\Windows\SYSTEM32\dbghelp.dll

VM Arguments:
jvm_args: -Xmx1536m -Dfile.encoding=windows-1252 -Duser.country=FR -Duser.language=fr -Duser.variant 
java_command: org.gradle.launcher.daemon.bootstrap.GradleDaemon 5.4.1
java_class_path (initial): C:\Users\misa\.gradle\wrapper\dists\gradle-5.4.1-all\3221gyojl5jsh0helicew7rwx\gradle-5.4.1\lib\gradle-launcher-5.4.1.jar
Launcher Type: SUN_STANDARD

Environment Variables:
PATH=C:\Program Files (x86)\Common Files\Oracle\Java\javapath;C:\ProgramData\Oracle\Java\javapath;C:\Windows\system32;C:\Windows;C:\Windows\System32\Wbem;C:\Windows\System32\WindowsPowerShell\v1.0\;C:\Users\misa\AppData\Local\Microsoft\WindowsApps;C:\Flex Windows\gcc\bin;C:\Flex Windows\Lex\bin;C:\Flex Windows\bison\bin
USERNAME=misa
OS=Windows_NT
PROCESSOR_IDENTIFIER=Intel64 Family 6 Model 69 Stepping 1, GenuineIntel



---------------  S Y S T E M  ---------------

OS: Windows 10.0 , 64 bit Build 14393 (10.0.14393.0)

CPU:total 4 (initial active 4) (2 cores per cpu, 2 threads per core) family 6 model 69 stepping 1, cmov, cx8, fxsr, mmx, sse, sse2, sse3, ssse3, sse4.1, sse4.2, popcnt, avx, avx2, aes, clmul, erms, lzcnt, ht, tsc, tscinvbit, bmi1, bmi2

Memory: 4k page, physical 4074696k(608700k free), swap 8817124k(2385116k free)

vm_info: OpenJDK 64-Bit Server VM (25.202-b03) for windows-amd64 JRE (1.8.0_202-release-1483-b03), built by "builder" with MS VC++ 10.0 (VS2010)

time: Wed Jul 15 14:45:21 2020
timezone: Paris, Madrid (heure dt)
elapsed time: 6291 seconds (0d 1h 44m 51s)

